#
# A fatal error has been detected by the Java Runtime Environment:
#
#  SIGSEGV (0xb) at pc=0x00007fff87379c2c, pid=37246, tid=22787
#
# JRE version: Java(TM) SE Runtime Environment (7.0_60-b19) (build 1.7.0_60-b19)
# Java VM: Java HotSpot(TM) 64-Bit Server VM (24.60-b09 mixed mode bsd-amd64 compressed oops)
# Problematic frame:
# C  [libsystem_platform.dylib+0x3c2c]  _platform_memmove$VARIANT$Unknown+0x12c
#
# Failed to write core dump. Core dumps have been disabled. To enable core dumping, try "ulimit -c unlimited" before starting Java again
#
# If you would like to submit a bug report, please visit:
#   http://bugreport.sun.com/bugreport/crash.jsp
# The crash happened outside the Java Virtual Machine in native code.
# See problematic frame for where to report the bug.
#

---------------  T H R E A D  ---------------

Current thread (0x00007ffac1844800):  JavaThread "Daemon" [_thread_in_native, id=22787, stack(0x000000010d2e4000,0x000000010d3e4000)]

siginfo:si_signo=SIGSEGV: si_errno=0, si_code=1 (SEGV_MAPERR), si_addr=0x000000010cb54000

Registers:
RAX=0x00007ffac1bb0800, RBX=0x000000010cb52bc3, RCX=0x0000000000000020, RDX=0x00000000000022e0
RSP=0x000000010d3e0140, RBP=0x000000010d3e0140, RSI=0x000000010cb53fd1, RDI=0x00007ffac1bb1be0
R8 =0x00007ffac1bfa000, R9 =0x0000000000000009, R10=0x0000000000001200, R11=0x00007ff9b505dc0f
R12=0x0000000000002685, R13=0x000000000000a881, R14=0x0000000000002600, R15=0x0000000000000000
RIP=0x00007fff87379c2c, EFLAGS=0x0000000000010202, ERR=0x0000000000000004
  TRAPNO=0x000000000000000e

Top of Stack: (sp=0x000000010d3e0140)
0x000000010d3e0140:   000000010d3e01b0 0000000101dd522b
0x000000010d3e0150:   000000000d3e01a0 0000000000000000
0x000000010d3e0160:   0000000000000000 00007ffac1bb0800
0x000000010d3e0170:   0000000000003700 00007ffac3431ca0
0x000000010d3e0180:   00007ffac34382b0 00000000497fa543
0x000000010d3e0190:   0000000000000030 00007ffac3435bc0
0x000000010d3e01a0:   00007ffac3431ca0 00007ffac3510290
0x000000010d3e01b0:   000000010d3e0200 0000000101dd5725
0x000000010d3e01c0:   0000000000000037 00000037c1844800
0x000000010d3e01d0:   000000010d3e021e 000000010d3e0668
0x000000010d3e01e0:   0000000000000037 000000010d3e021e
0x000000010d3e01f0:   00007ffac3431ca0 00007ffac18449e8
0x000000010d3e0200:   000000010d3e0650 0000000101dd4570
0x000000010d3e0210:   00000000000000bd 454d000100000001
0x000000010d3e0220:   732f464e492d4154 2f73656369767265
0x000000010d3e0230:   6e612e786176616a 6e6f697461746f6e
0x000000010d3e0240:   737365636f72702e 636f72502e676e69
0x000000010d3e0250:   000000726f737365 00000007b0296588
0x000000010d3e0260:   0000000000000000 0000000100295638
0x000000010d3e0270:   0000000000000000 00000007b00e1460
0x000000010d3e0280:   00007ffac1844800 00007ffac1844800
0x000000010d3e0290:   000000010d3e02c0 0000000000000000
0x000000010d3e02a0:   0000000000000001 00000007b02955eb
0x000000010d3e02b0:   00000007f37cb4f8 00007ffac1844800
0x000000010d3e02c0:   0000000000000004 00000007f37cb4f8
0x000000010d3e02d0:   0000000000000004 00007ffac1430708
0x000000010d3e02e0:   000000010d3e0330 0000000102ea4e07
0x000000010d3e02f0:   00007ffac1844800 0000000000000001
0x000000010d3e0300:   000000010d3e0330 0000000000000002
0x000000010d3e0310:   0000000000000004 00000007b00e1460
0x000000010d3e0320:   00007ffac1844800 0000000000000005
0x000000010d3e0330:   000000010d3e0380 00000001030b0c5f 

Instructions: (pc=0x00007fff87379c2c)
0x00007fff87379c0c:   80 00 00 00 76 4e 48 f7 c6 1f 00 00 00 74 25 c5
0x00007fff87379c1c:   fc 29 0f c5 fc 29 57 20 48 83 c7 40 c5 fc 10 0e
0x00007fff87379c2c:   c5 fc 10 56 20 48 83 c6 40 48 83 ea 40 77 e0 eb
0x00007fff87379c3c:   23 0f 1f 00 c5 fc 29 0f c5 fc 29 57 20 48 83 c7 

Register to memory mapping:

RAX=0x00007ffac1bb0800 is an unknown value
RBX=0x000000010cb52bc3 is an unknown value
RCX=0x0000000000000020 is an unknown value
RDX=0x00000000000022e0 is an unknown value
RSP=0x000000010d3e0140 is pointing into the stack for thread: 0x00007ffac1844800
RBP=0x000000010d3e0140 is pointing into the stack for thread: 0x00007ffac1844800
RSI=0x000000010cb53fd1 is an unknown value
RDI=0x00007ffac1bb1be0 is an unknown value
R8 =0x00007ffac1bfa000 is an unknown value
R9 =0x0000000000000009 is an unknown value
R10=0x0000000000001200 is an unknown value
R11=0x00007ff9b505dc0f is an unknown value
R12=0x0000000000002685 is an unknown value
R13=0x000000000000a881 is an unknown value
R14=0x0000000000002600 is an unknown value
R15=0x0000000000000000 is an unknown value


Stack: [0x000000010d2e4000,0x000000010d3e4000],  sp=0x000000010d3e0140,  free space=1008k
Native frames: (J=compiled Java code, j=interpreted, Vv=VM code, C=native code)
C  [libsystem_platform.dylib+0x3c2c]  _platform_memmove$VARIANT$Unknown+0x12c
C  [libzip.dylib+0x322b]  newEntry+0x2c8
C  [libzip.dylib+0x3725]  ZIP_GetEntry+0xa2
C  [libzip.dylib+0x2570]  Java_java_util_zip_ZipFile_getEntry+0xdd
J 49  java.util.zip.ZipFile.getEntry(J[BZ)J (0 bytes) @ 0x00000001039e324e [0x00000001039e3180+0xce]

Java frames: (J=compiled Java code, j=interpreted, Vv=VM code)
J 49  java.util.zip.ZipFile.getEntry(J[BZ)J (0 bytes) @ 0x00000001039e31d8 [0x00000001039e3180+0x58]
J 67 C2 java.util.zip.ZipFile.getEntry(Ljava/lang/String;)Ljava/util/zip/ZipEntry; (86 bytes) @ 0x00000001039f0f18 [0x00000001039f0e40+0xd8]
J 68 C2 java.util.jar.JarFile.getEntry(Ljava/lang/String;)Ljava/util/zip/ZipEntry; (22 bytes) @ 0x00000001039f20d8 [0x00000001039f20a0+0x38]
j  sun.net.www.protocol.jar.URLJarFile.getEntry(Ljava/lang/String;)Ljava/util/zip/ZipEntry;+2
j  sun.net.www.protocol.jar.JarURLConnection.connect()V+62
j  sun.net.www.protocol.jar.JarURLConnection.getInputStream()Ljava/io/InputStream;+1
j  java.net.URL.openStream()Ljava/io/InputStream;+4
j  java.util.ServiceLoader.parse(Ljava/lang/Class;Ljava/net/URL;)Ljava/util/Iterator;+15
j  java.util.ServiceLoader.access$200(Ljava/util/ServiceLoader;Ljava/lang/Class;Ljava/net/URL;)Ljava/util/Iterator;+3
j  java.util.ServiceLoader$LazyIterator.hasNext()Z+140
j  java.util.ServiceLoader$1.hasNext()Z+21
j  com.sun.tools.javac.processing.JavacProcessingEnvironment$ServiceIterator.hasNext()Z+4
j  com.sun.tools.javac.processing.JavacProcessingEnvironment$DiscoveredProcessors$ProcessorStateIterator.hasNext()Z+39
j  com.sun.tools.javac.processing.JavacProcessingEnvironment.atLeastOneProcessor()Z+7
j  com.sun.tools.javac.main.JavaCompiler.initProcessAnnotations(Ljava/lang/Iterable;)V+52
j  com.sun.tools.javac.main.JavaCompiler.compile(Lcom/sun/tools/javac/util/List;Lcom/sun/tools/javac/util/List;Ljava/lang/Iterable;)V+127
j  com.sun.tools.javac.main.Main.compile([Ljava/lang/String;[Ljava/lang/String;Lcom/sun/tools/javac/util/Context;Lcom/sun/tools/javac/util/List;Ljava/lang/Iterable;)I+761
j  com.sun.tools.javac.api.JavacTaskImpl.call()Ljava/lang/Boolean;+59
j  org.gradle.api.internal.tasks.compile.jdk6.Jdk6JavaCompiler.execute(Lorg/gradle/api/internal/tasks/compile/JavaCompileSpec;)Lorg/gradle/api/tasks/WorkResult;+17
j  org.gradle.api.internal.tasks.compile.jdk6.Jdk6JavaCompiler.execute(Lorg/gradle/api/internal/tasks/compile/CompileSpec;)Lorg/gradle/api/tasks/WorkResult;+5
j  org.gradle.api.internal.tasks.compile.NormalizingJavaCompiler.delegateAndHandleErrors(Lorg/gradle/api/internal/tasks/compile/JavaCompileSpec;)Lorg/gradle/api/tasks/WorkResult;+5
j  org.gradle.api.internal.tasks.compile.NormalizingJavaCompiler.execute(Lorg/gradle/api/internal/tasks/compile/JavaCompileSpec;)Lorg/gradle/api/tasks/WorkResult;+27
j  org.gradle.api.internal.tasks.compile.NormalizingJavaCompiler.execute(Lorg/gradle/api/internal/tasks/compile/CompileSpec;)Lorg/gradle/api/tasks/WorkResult;+5
j  org.gradle.api.internal.tasks.compile.DelegatingJavaCompiler.execute(Lorg/gradle/api/internal/tasks/compile/JavaCompileSpec;)Lorg/gradle/api/tasks/WorkResult;+18
j  org.gradle.api.internal.tasks.compile.DelegatingJavaCompiler.execute(Lorg/gradle/api/internal/tasks/compile/CompileSpec;)Lorg/gradle/api/tasks/WorkResult;+5
j  org.gradle.api.internal.tasks.compile.CleaningJavaCompilerSupport.execute(Lorg/gradle/api/internal/tasks/compile/JavaCompileSpec;)Lorg/gradle/api/tasks/WorkResult;+37
j  org.gradle.api.internal.tasks.compile.CleaningJavaCompilerSupport.execute(Lorg/gradle/api/internal/tasks/compile/CompileSpec;)Lorg/gradle/api/tasks/WorkResult;+5
j  org.gradle.api.tasks.compile.JavaCompile.performCompilation(Lorg/gradle/api/internal/tasks/compile/Compiler;)V+66
j  org.gradle.api.tasks.compile.JavaCompile.compile()V+5
j  org.gradle.api.tasks.compile.JavaCompile.compile(Lorg/gradle/api/tasks/incremental/IncrementalTaskInputs;)V+11
v  ~StubRoutines::call_stub
j  sun.reflect.NativeMethodAccessorImpl.invoke0(Ljava/lang/reflect/Method;Ljava/lang/Object;[Ljava/lang/Object;)Ljava/lang/Object;+0
j  sun.reflect.NativeMethodAccessorImpl.invoke(Ljava/lang/Object;[Ljava/lang/Object;)Ljava/lang/Object;+87
J 1248 C2 java.lang.reflect.Method.invoke(Ljava/lang/Object;[Ljava/lang/Object;)Ljava/lang/Object; (63 bytes) @ 0x0000000103e49f90 [0x0000000103e49f00+0x90]
j  org.gradle.internal.reflect.JavaMethod.invoke(Ljava/lang/Object;[Ljava/lang/Object;)Ljava/lang/Object;+6
j  org.gradle.api.internal.project.taskfactory.AnnotationProcessingTaskFactory$IncrementalTaskAction.doExecute(Lorg/gradle/api/Task;Ljava/lang/String;)V+35
j  org.gradle.api.internal.project.taskfactory.AnnotationProcessingTaskFactory$StandardTaskAction.execute(Lorg/gradle/api/Task;)V+32
j  org.gradle.api.internal.project.taskfactory.AnnotationProcessingTaskFactory$IncrementalTaskAction.execute(Lorg/gradle/api/Task;)V+2
j  org.gradle.api.internal.project.taskfactory.AnnotationProcessingTaskFactory$StandardTaskAction.execute(Ljava/lang/Object;)V+5
j  org.gradle.api.internal.tasks.execution.ExecuteActionsTaskExecuter.executeAction(Lorg/gradle/api/internal/TaskInternal;Lorg/gradle/api/internal/tasks/ContextAwareTaskAction;Lorg/gradle/api/internal/tasks/TaskExecutionContext;)V+9
j  org.gradle.api.internal.tasks.execution.ExecuteActionsTaskExecuter.executeActions(Lorg/gradle/api/internal/TaskInternal;Lorg/gradle/api/internal/tasks/TaskStateInternal;Lorg/gradle/api/internal/tasks/TaskExecutionContext;)Lorg/gradle/api/GradleException;+79
j  org.gradle.api.internal.tasks.execution.ExecuteActionsTaskExecuter.execute(Lorg/gradle/api/internal/TaskInternal;Lorg/gradle/api/internal/tasks/TaskStateInternal;Lorg/gradle/api/internal/tasks/TaskExecutionContext;)V+19
j  org.gradle.api.internal.tasks.execution.PostExecutionAnalysisTaskExecuter.execute(Lorg/gradle/api/internal/TaskInternal;Lorg/gradle/api/internal/tasks/TaskStateInternal;Lorg/gradle/api/internal/tasks/TaskExecutionContext;)V+7
j  org.gradle.api.internal.tasks.execution.SkipUpToDateTaskExecuter.execute(Lorg/gradle/api/internal/TaskInternal;Lorg/gradle/api/internal/tasks/TaskStateInternal;Lorg/gradle/api/internal/tasks/TaskExecutionContext;)V+133
j  org.gradle.api.internal.tasks.execution.ValidatingTaskExecuter.execute(Lorg/gradle/api/internal/TaskInternal;Lorg/gradle/api/internal/tasks/TaskStateInternal;Lorg/gradle/api/internal/tasks/TaskExecutionContext;)V+215
j  org.gradle.api.internal.tasks.execution.SkipEmptySourceFilesTaskExecuter.execute(Lorg/gradle/api/internal/TaskInternal;Lorg/gradle/api/internal/tasks/TaskStateInternal;Lorg/gradle/api/internal/tasks/TaskExecutionContext;)V+56
j  org.gradle.api.internal.tasks.execution.SkipTaskWithNoActionsExecuter.execute(Lorg/gradle/api/internal/TaskInternal;Lorg/gradle/api/internal/tasks/TaskStateInternal;Lorg/gradle/api/internal/tasks/TaskExecutionContext;)V+110
j  org.gradle.api.internal.tasks.execution.SkipOnlyIfTaskExecuter.execute(Lorg/gradle/api/internal/TaskInternal;Lorg/gradle/api/internal/tasks/TaskStateInternal;Lorg/gradle/api/internal/tasks/TaskExecutionContext;)V+84
j  org.gradle.api.internal.tasks.execution.ExecuteAtMostOnceTaskExecuter.execute(Lorg/gradle/api/internal/TaskInternal;Lorg/gradle/api/internal/tasks/TaskStateInternal;Lorg/gradle/api/internal/tasks/TaskExecutionContext;)V+26
j  org.gradle.api.internal.AbstractTask.executeWithoutThrowingTaskFailure()V+16
j  org.gradle.execution.taskgraph.AbstractTaskPlanExecutor$TaskExecutorWorker.executeTask(Lorg/gradle/execution/taskgraph/TaskInfo;)V+38
j  org.gradle.execution.taskgraph.AbstractTaskPlanExecutor$TaskExecutorWorker.processTask(Lorg/gradle/execution/taskgraph/TaskInfo;)V+2
j  org.gradle.execution.taskgraph.AbstractTaskPlanExecutor$TaskExecutorWorker.run()V+56
j  org.gradle.execution.taskgraph.DefaultTaskPlanExecutor.process(Lorg/gradle/execution/taskgraph/TaskExecutionPlan;Lorg/gradle/api/execution/TaskExecutionListener;)V+6
j  org.gradle.execution.taskgraph.DefaultTaskGraphExecuter.execute()V+46
j  org.gradle.execution.SelectedTaskExecutionAction.execute(Lorg/gradle/execution/BuildExecutionContext;)V+41
j  org.gradle.execution.DefaultBuildExecuter.execute(I)V+36
j  org.gradle.execution.DefaultBuildExecuter.access$200(Lorg/gradle/execution/DefaultBuildExecuter;I)V+2
j  org.gradle.execution.DefaultBuildExecuter$2.proceed()V+10
j  org.gradle.execution.DryRunBuildExecutionAction.execute(Lorg/gradle/execution/BuildExecutionContext;)V+68
j  org.gradle.execution.DefaultBuildExecuter.execute(I)V+36
j  org.gradle.execution.DefaultBuildExecuter.execute()V+2
j  org.gradle.initialization.DefaultGradleLauncher.doBuildStages(Lorg/gradle/initialization/DefaultGradleLauncher$Stage;)V+188
j  org.gradle.initialization.DefaultGradleLauncher.doBuild(Lorg/gradle/initialization/DefaultGradleLauncher$Stage;)Lorg/gradle/BuildResult;+27
j  org.gradle.initialization.DefaultGradleLauncher.run()Lorg/gradle/BuildResult;+4
j  org.gradle.launcher.exec.InProcessBuildActionExecuter$DefaultBuildController.run()Lorg/gradle/api/internal/GradleInternal;+5
j  org.gradle.tooling.internal.provider.BuildModelAction.run(Lorg/gradle/initialization/BuildController;)Lorg/gradle/tooling/internal/provider/BuildActionResult;+15
j  org.gradle.tooling.internal.provider.BuildModelAction.run(Lorg/gradle/initialization/BuildController;)Ljava/lang/Object;+2
j  org.gradle.tooling.internal.provider.ConfiguringBuildAction.run(Lorg/gradle/initialization/BuildController;)Ljava/lang/Object;+15
j  org.gradle.launcher.exec.InProcessBuildActionExecuter.execute(Lorg/gradle/initialization/BuildAction;Lorg/gradle/launcher/exec/BuildActionParameters;)Ljava/lang/Object;+16
j  org.gradle.launcher.daemon.server.exec.ExecuteBuild.doBuild(Lorg/gradle/launcher/daemon/server/exec/DaemonCommandExecution;Lorg/gradle/launcher/daemon/protocol/Build;)V+36
j  org.gradle.launcher.daemon.server.exec.BuildCommandOnly.execute(Lorg/gradle/launcher/daemon/server/exec/DaemonCommandExecution;)V+49
j  org.gradle.launcher.daemon.server.exec.DaemonCommandExecution.proceed()Z+28
j  org.gradle.launcher.daemon.server.exec.WatchForDisconnection.execute(Lorg/gradle/launcher/daemon/server/exec/DaemonCommandExecution;)V+19
j  org.gradle.launcher.daemon.server.exec.DaemonCommandExecution.proceed()Z+28
j  org.gradle.launcher.daemon.server.exec.ResetDeprecationLogger.execute(Lorg/gradle/launcher/daemon/server/exec/DaemonCommandExecution;)V+4
j  org.gradle.launcher.daemon.server.exec.DaemonCommandExecution.proceed()Z+28
j  org.gradle.launcher.daemon.server.exec.StartStopIfBuildAndStop.execute(Lorg/gradle/launcher/daemon/server/exec/DaemonCommandExecution;)V+34
j  org.gradle.launcher.daemon.server.exec.DaemonCommandExecution.proceed()Z+28
j  org.gradle.launcher.daemon.server.exec.ReturnResult.execute(Lorg/gradle/launcher/daemon/server/exec/DaemonCommandExecution;)V+1
j  org.gradle.launcher.daemon.server.exec.DaemonCommandExecution.proceed()Z+28
j  org.gradle.launcher.daemon.server.exec.ForwardClientInput$2.call()Ljava/lang/Void;+4
j  org.gradle.launcher.daemon.server.exec.ForwardClientInput$2.call()Ljava/lang/Object;+1
j  org.gradle.util.Swapper.swap(Ljava/lang/Object;Ljava/util/concurrent/Callable;)Ljava/lang/Object;+21
j  org.gradle.launcher.daemon.server.exec.ForwardClientInput.execute(Lorg/gradle/launcher/daemon/server/exec/DaemonCommandExecution;)V+63
j  org.gradle.launcher.daemon.server.exec.DaemonCommandExecution.proceed()Z+28
j  org.gradle.launcher.daemon.server.exec.LogToClient.doBuild(Lorg/gradle/launcher/daemon/server/exec/DaemonCommandExecution;Lorg/gradle/launcher/daemon/protocol/Build;)V+92
j  org.gradle.launcher.daemon.server.exec.BuildCommandOnly.execute(Lorg/gradle/launcher/daemon/server/exec/DaemonCommandExecution;)V+49
j  org.gradle.launcher.daemon.server.exec.DaemonCommandExecution.proceed()Z+28
j  org.gradle.launcher.daemon.server.exec.EstablishBuildEnvironment.doBuild(Lorg/gradle/launcher/daemon/server/exec/DaemonCommandExecution;Lorg/gradle/launcher/daemon/protocol/Build;)V+232
j  org.gradle.launcher.daemon.server.exec.BuildCommandOnly.execute(Lorg/gradle/launcher/daemon/server/exec/DaemonCommandExecution;)V+49
j  org.gradle.launcher.daemon.server.exec.DaemonCommandExecution.proceed()Z+28
j  org.gradle.launcher.daemon.server.exec.StartBuildOrRespondWithBusy$1.run()V+65
j  org.gradle.launcher.daemon.server.DaemonStateCoordinator.runCommand(Ljava/lang/Runnable;Ljava/lang/String;Ljava/lang/Runnable;)V+7
j  org.gradle.launcher.daemon.server.exec.StartBuildOrRespondWithBusy.doBuild(Lorg/gradle/launcher/daemon/server/exec/DaemonCommandExecution;Lorg/gradle/launcher/daemon/protocol/Build;)V+28
j  org.gradle.launcher.daemon.server.exec.BuildCommandOnly.execute(Lorg/gradle/launcher/daemon/server/exec/DaemonCommandExecution;)V+49
j  org.gradle.launcher.daemon.server.exec.DaemonCommandExecution.proceed()Z+28
j  org.gradle.launcher.daemon.server.exec.HandleStop.execute(Lorg/gradle/launcher/daemon/server/exec/DaemonCommandExecution;)V+40
j  org.gradle.launcher.daemon.server.exec.DaemonCommandExecution.proceed()Z+28
j  org.gradle.launcher.daemon.server.exec.DaemonHygieneAction.execute(Lorg/gradle/launcher/daemon/server/exec/DaemonCommandExecution;)V+1
j  org.gradle.launcher.daemon.server.exec.DaemonCommandExecution.proceed()Z+28
j  org.gradle.launcher.daemon.server.exec.CatchAndForwardDaemonFailure.execute(Lorg/gradle/launcher/daemon/server/exec/DaemonCommandExecution;)V+1
j  org.gradle.launcher.daemon.server.exec.DaemonCommandExecution.proceed()Z+28
j  org.gradle.launcher.daemon.server.exec.DefaultDaemonCommandExecuter.executeCommand(Lorg/gradle/launcher/daemon/server/exec/DaemonConnection;Lorg/gradle/launcher/daemon/protocol/Command;Lorg/gradle/launcher/daemon/context/DaemonContext;Lorg/gradle/launcher/daemon/server/exec/DaemonStateControl;Ljava/lang/Runnable;)V+19
j  org.gradle.launcher.daemon.server.DefaultIncomingConnectionHandler$ConnectionWorker.handleCommand(Lorg/gradle/launcher/daemon/protocol/Command;Lorg/gradle/launcher/daemon/server/exec/DaemonConnection;)V+75
j  org.gradle.launcher.daemon.server.DefaultIncomingConnectionHandler$ConnectionWorker.receiveAndHandleCommand()V+32
j  org.gradle.launcher.daemon.server.DefaultIncomingConnectionHandler$ConnectionWorker.run()V+1
j  org.gradle.internal.concurrent.DefaultExecutorFactory$StoppableExecutorImpl$1.run()V+18
j  java.util.concurrent.ThreadPoolExecutor.runWorker(Ljava/util/concurrent/ThreadPoolExecutor$Worker;)V+95
j  java.util.concurrent.ThreadPoolExecutor$Worker.run()V+5
j  java.lang.Thread.run()V+11
v  ~StubRoutines::call_stub

---------------  P R O C E S S  ---------------

Java Threads: ( => current thread )
  0x00007ffac1936000 JavaThread "Stdin handler" [_thread_blocked, id=17435, stack(0x000000010d426000,0x000000010d526000)]
  0x00007ffac4a80800 JavaThread "Handler for socket connection at /127.0.0.1:62121 with /127.0.0.1:62151" [_thread_in_native, id=15127, stack(0x000000010c398000,0x000000010c498000)]
  0x00007ffac1ac9800 JavaThread "File lock request listener" [_thread_in_native, id=24835, stack(0x000000010cd82000,0x000000010ce82000)]
  0x00007ffac4169800 JavaThread "process reaper" daemon [_thread_blocked, id=24323, stack(0x000000010d658000,0x000000010d680000)]
=>0x00007ffac1844800 JavaThread "Daemon" [_thread_in_native, id=22787, stack(0x000000010d2e4000,0x000000010d3e4000)]
  0x00007ffac2840800 JavaThread "Incoming local TCP Connector on port 62121" [_thread_in_native, id=22275, stack(0x000000010d1e1000,0x000000010d2e1000)]
  0x00007ffac2005800 JavaThread "Service Thread" daemon [_thread_blocked, id=21251, stack(0x000000010c7a7000,0x000000010c8a7000)]
  0x00007ffac282d000 JavaThread "C2 CompilerThread1" daemon [_thread_blocked, id=20739, stack(0x000000010c6a4000,0x000000010c7a4000)]
  0x00007ffac380d800 JavaThread "C2 CompilerThread0" daemon [_thread_blocked, id=20227, stack(0x000000010c5a1000,0x000000010c6a1000)]
  0x00007ffac3801000 JavaThread "Signal Dispatcher" daemon [_thread_blocked, id=19715, stack(0x000000010c49e000,0x000000010c59e000)]
  0x00007ffac1839000 JavaThread "Finalizer" daemon [_thread_blocked, id=14595, stack(0x000000010c24f000,0x000000010c34f000)]
  0x00007ffac1838800 JavaThread "Reference Handler" daemon [_thread_blocked, id=14083, stack(0x000000010c14c000,0x000000010c24c000)]
  0x00007ffac180a000 JavaThread "main" [_thread_blocked, id=6403, stack(0x0000000103860000,0x0000000103960000)]

Other Threads:
  0x00007ffac1835800 VMThread [stack: 0x000000010c049000,0x000000010c149000] [id=13571]
  0x00007ffac183b000 WatcherThread [stack: 0x000000010c8aa000,0x000000010c9aa000] [id=21763]

VM state:not at safepoint (normal execution)

VM Mutex/Monitor currently owned by a thread: None

Heap
 PSYoungGen      total 258560K, used 156340K [0x00000007eaa80000, 0x0000000800000000, 0x0000000800000000)
  eden space 247808K, 58% used [0x00000007eaa80000,0x00000007f38af880,0x00000007f9c80000)
  from space 10752K, 99% used [0x00000007fb700000,0x00000007fc17d8e8,0x00000007fc180000)
  to   space 27136K, 0% used [0x00000007f9c80000,0x00000007f9c80000,0x00000007fb700000)
 ParOldGen       total 174592K, used 30785K [0x00000007c0000000, 0x00000007caa80000, 0x00000007eaa80000)
  object space 174592K, 17% used [0x00000007c0000000,0x00000007c1e10508,0x00000007caa80000)
 PSPermGen       total 65536K, used 34626K [0x00000007b0000000, 0x00000007b4000000, 0x00000007c0000000)
  object space 65536K, 52% used [0x00000007b0000000,0x00000007b21d0820,0x00000007b4000000)

Card table byte_map: [0x0000000106a22000,0x0000000106ca3000] byte_map_base: 0x0000000102ca2000

Polling page: 0x0000000101dc8000

Code Cache  [0x0000000103962000, 0x0000000103ed2000, 0x0000000106962000)
 total_blobs=1899 nmethods=1309 adapters=543 free_code_cache=43687Kb largest_free_block=44667776

Compilation events (10 events):
Event: 58.666 Thread 0x00007ffac282d000 1385             ch.qos.logback.classic.Level::toLevel (98 bytes)
Event: 58.666 Thread 0x00007ffac282d000 nmethod 1385 0x0000000103eb91d0 code [0x0000000103eb9320, 0x0000000103eb9418]
Event: 58.671 Thread 0x00007ffac380d800 1386             org.gradle.api.internal.artifacts.DefaultModuleVersionIdentifier::getVersion (5 bytes)
Event: 58.671 Thread 0x00007ffac380d800 nmethod 1386 0x0000000103eb8fd0 code [0x0000000103eb9100, 0x0000000103eb9178]
Event: 58.675 Thread 0x00007ffac282d000 1387             org.gradle.api.internal.artifacts.DefaultModuleVersionIdentifier::getGroup (8 bytes)
Event: 58.675 Thread 0x00007ffac282d000 nmethod 1387 0x0000000103eb8d90 code [0x0000000103eb8ec0, 0x0000000103eb8f38]
Event: 58.697 Thread 0x00007ffac380d800 1388             java.util.WeakHashMap::<init> (168 bytes)
Event: 58.697 Thread 0x00007ffac282d000 1389             java.util.WeakHashMap::put (162 bytes)
Event: 58.705 Thread 0x00007ffac380d800 nmethod 1388 0x0000000103ec60d0 code [0x0000000103ec62a0, 0x0000000103ec6960]
Event: 58.705 Thread 0x00007ffac282d000 nmethod 1389 0x0000000103e83090 code [0x0000000103e83220, 0x0000000103e83748]

GC Heap History (10 events):
Event: 2.986 GC heap before
{Heap before GC invocations=3 (full 0):
 PSYoungGen      total 142848K, used 142820K [0x00000007eaa80000, 0x00000007f4080000, 0x0000000800000000)
  eden space 132096K, 100% used [0x00000007eaa80000,0x00000007f2b80000,0x00000007f2b80000)
  from space 10752K, 99% used [0x00000007f3600000,0x00000007f40790f0,0x00000007f4080000)
  to   space 10752K, 0% used [0x00000007f2b80000,0x00000007f2b80000,0x00000007f3600000)
 ParOldGen       total 174592K, used 1429K [0x00000007c0000000, 0x00000007caa80000, 0x00000007eaa80000)
  object space 174592K, 0% used [0x00000007c0000000,0x00000007c0165510,0x00000007caa80000)
 PSPermGen       total 25088K, used 25060K [0x00000007b0000000, 0x00000007b1880000, 0x00000007c0000000)
  object space 25088K, 99% used [0x00000007b0000000,0x00000007b18793f8,0x00000007b1880000)
Event: 3.005 GC heap after
Heap after GC invocations=3 (full 0):
 PSYoungGen      total 142848K, used 10736K [0x00000007eaa80000, 0x00000007fc180000, 0x0000000800000000)
  eden space 132096K, 0% used [0x00000007eaa80000,0x00000007eaa80000,0x00000007f2b80000)
  from space 10752K, 99% used [0x00000007f2b80000,0x00000007f35fc030,0x00000007f3600000)
  to   space 10752K, 0% used [0x00000007fb700000,0x00000007fb700000,0x00000007fc180000)
 ParOldGen       total 174592K, used 7855K [0x00000007c0000000, 0x00000007caa80000, 0x00000007eaa80000)
  object space 174592K, 4% used [0x00000007c0000000,0x00000007c07abca0,0x00000007caa80000)
 PSPermGen       total 25088K, used 25060K [0x00000007b0000000, 0x00000007b1880000, 0x00000007c0000000)
  object space 25088K, 99% used [0x00000007b0000000,0x00000007b18793f8,0x00000007b1880000)
}
Event: 4.945 GC heap before
{Heap before GC invocations=4 (full 0):
 PSYoungGen      total 142848K, used 142832K [0x00000007eaa80000, 0x00000007fc180000, 0x0000000800000000)
  eden space 132096K, 100% used [0x00000007eaa80000,0x00000007f2b80000,0x00000007f2b80000)
  from space 10752K, 99% used [0x00000007f2b80000,0x00000007f35fc030,0x00000007f3600000)
  to   space 10752K, 0% used [0x00000007fb700000,0x00000007fb700000,0x00000007fc180000)
 ParOldGen       total 174592K, used 7855K [0x00000007c0000000, 0x00000007caa80000, 0x00000007eaa80000)
  object space 174592K, 4% used [0x00000007c0000000,0x00000007c07abca0,0x00000007caa80000)
 PSPermGen       total 31232K, used 31105K [0x00000007b0000000, 0x00000007b1e80000, 0x00000007c0000000)
  object space 31232K, 99% used [0x00000007b0000000,0x00000007b1e607e8,0x00000007b1e80000)
Event: 4.971 GC heap after
Heap after GC invocations=4 (full 0):
 PSYoungGen      total 274944K, used 10720K [0x00000007eaa80000, 0x00000007fc180000, 0x0000000800000000)
  eden space 264192K, 0% used [0x00000007eaa80000,0x00000007eaa80000,0x00000007fac80000)
  from space 10752K, 99% used [0x00000007fb700000,0x00000007fc178020,0x00000007fc180000)
  to   space 10752K, 0% used [0x00000007fac80000,0x00000007fac80000,0x00000007fb700000)
 ParOldGen       total 174592K, used 23866K [0x00000007c0000000, 0x00000007caa80000, 0x00000007eaa80000)
  object space 174592K, 13% used [0x00000007c0000000,0x00000007c174e9c0,0x00000007caa80000)
 PSPermGen       total 31232K, used 31105K [0x00000007b0000000, 0x00000007b1e80000, 0x00000007c0000000)
  object space 31232K, 99% used [0x00000007b0000000,0x00000007b1e607e8,0x00000007b1e80000)
}
Event: 6.259 GC heap before
{Heap before GC invocations=5 (full 0):
 PSYoungGen      total 274944K, used 106082K [0x00000007eaa80000, 0x00000007fc180000, 0x0000000800000000)
  eden space 264192K, 36% used [0x00000007eaa80000,0x00000007f07a0b10,0x00000007fac80000)
  from space 10752K, 99% used [0x00000007fb700000,0x00000007fc178020,0x00000007fc180000)
  to   space 10752K, 0% used [0x00000007fac80000,0x00000007fac80000,0x00000007fb700000)
 ParOldGen       total 174592K, used 23866K [0x00000007c0000000, 0x00000007caa80000, 0x00000007eaa80000)
  object space 174592K, 13% used [0x00000007c0000000,0x00000007c174e9c0,0x00000007caa80000)
 PSPermGen       total 33792K, used 33366K [0x00000007b0000000, 0x00000007b2100000, 0x00000007c0000000)
  object space 33792K, 98% used [0x00000007b0000000,0x00000007b2095b50,0x00000007b2100000)
Event: 6.278 GC heap after
Heap after GC invocations=5 (full 0):
 PSYoungGen      total 274944K, used 10720K [0x00000007eaa80000, 0x00000007fc180000, 0x0000000800000000)
  eden space 264192K, 0% used [0x00000007eaa80000,0x00000007eaa80000,0x00000007fac80000)
  from space 10752K, 99% used [0x00000007fac80000,0x00000007fb6f8020,0x00000007fb700000)
  to   space 10752K, 0% used [0x00000007fb700000,0x00000007fb700000,0x00000007fc180000)
 ParOldGen       total 174592K, used 30678K [0x00000007c0000000, 0x00000007caa80000, 0x00000007eaa80000)
  object space 174592K, 17% used [0x00000007c0000000,0x00000007c1df5838,0x00000007caa80000)
 PSPermGen       total 33792K, used 33366K [0x00000007b0000000, 0x00000007b2100000, 0x00000007c0000000)
  object space 33792K, 98% used [0x00000007b0000000,0x00000007b2095b50,0x00000007b2100000)
}
Event: 6.278 GC heap before
{Heap before GC invocations=6 (full 1):
 PSYoungGen      total 274944K, used 10720K [0x00000007eaa80000, 0x00000007fc180000, 0x0000000800000000)
  eden space 264192K, 0% used [0x00000007eaa80000,0x00000007eaa80000,0x00000007fac80000)
  from space 10752K, 99% used [0x00000007fac80000,0x00000007fb6f8020,0x00000007fb700000)
  to   space 10752K, 0% used [0x00000007fb700000,0x00000007fb700000,0x00000007fc180000)
 ParOldGen       total 174592K, used 30678K [0x00000007c0000000, 0x00000007caa80000, 0x00000007eaa80000)
  object space 174592K, 17% used [0x00000007c0000000,0x00000007c1df5838,0x00000007caa80000)
 PSPermGen       total 33792K, used 33366K [0x00000007b0000000, 0x00000007b2100000, 0x00000007c0000000)
  object space 33792K, 98% used [0x00000007b0000000,0x00000007b2095b50,0x00000007b2100000)
Event: 6.439 GC heap after
Heap after GC invocations=6 (full 1):
 PSYoungGen      total 274944K, used 0K [0x00000007eaa80000, 0x00000007fc180000, 0x0000000800000000)
  eden space 264192K, 0% used [0x00000007eaa80000,0x00000007eaa80000,0x00000007fac80000)
  from space 10752K, 0% used [0x00000007fac80000,0x00000007fac80000,0x00000007fb700000)
  to   space 10752K, 0% used [0x00000007fb700000,0x00000007fb700000,0x00000007fc180000)
 ParOldGen       total 174592K, used 30093K [0x00000007c0000000, 0x00000007caa80000, 0x00000007eaa80000)
  object space 174592K, 17% used [0x00000007c0000000,0x00000007c1d63690,0x00000007caa80000)
 PSPermGen       total 65536K, used 32166K [0x00000007b0000000, 0x00000007b4000000, 0x00000007c0000000)
  object space 65536K, 49% used [0x00000007b0000000,0x00000007b1f69af8,0x00000007b4000000)
}
Event: 48.644 GC heap before
{Heap before GC invocations=7 (full 1):
 PSYoungGen      total 274944K, used 264192K [0x00000007eaa80000, 0x00000007fc180000, 0x0000000800000000)
  eden space 264192K, 100% used [0x00000007eaa80000,0x00000007fac80000,0x00000007fac80000)
  from space 10752K, 0% used [0x00000007fac80000,0x00000007fac80000,0x00000007fb700000)
  to   space 10752K, 0% used [0x00000007fb700000,0x00000007fb700000,0x00000007fc180000)
 ParOldGen       total 174592K, used 30093K [0x00000007c0000000, 0x00000007caa80000, 0x00000007eaa80000)
  object space 174592K, 17% used [0x00000007c0000000,0x00000007c1d63690,0x00000007caa80000)
 PSPermGen       total 65536K, used 33683K [0x00000007b0000000, 0x00000007b4000000, 0x00000007c0000000)
  object space 65536K, 51% used [0x00000007b0000000,0x00000007b20e4dc8,0x00000007b4000000)
Event: 48.656 GC heap after
Heap after GC invocations=7 (full 1):
 PSYoungGen      total 258560K, used 10742K [0x00000007eaa80000, 0x0000000800000000, 0x0000000800000000)
  eden space 247808K, 0% used [0x00000007eaa80000,0x00000007eaa80000,0x00000007f9c80000)
  from space 10752K, 99% used [0x00000007fb700000,0x00000007fc17d8e8,0x00000007fc180000)
  to   space 27136K, 0% used [0x00000007f9c80000,0x00000007f9c80000,0x00000007fb700000)
 ParOldGen       total 174592K, used 30785K [0x00000007c0000000, 0x00000007caa80000, 0x00000007eaa80000)
  object space 174592K, 17% used [0x00000007c0000000,0x00000007c1e10508,0x00000007caa80000)
 PSPermGen       total 65536K, used 33683K [0x00000007b0000000, 0x00000007b4000000, 0x00000007c0000000)
  object space 65536K, 51% used [0x00000007b0000000,0x00000007b20e4dc8,0x00000007b4000000)
}

Deoptimization events (10 events):
Event: 17.749 Thread 0x00007ffac1844800 Uncommon trap: reason=bimorphic action=maybe_recompile pc=0x0000000103bc741c method=java.io.DataOutputStream.writeShort(I)V @ 12
Event: 30.190 Thread 0x00007ffac1844800 Uncommon trap: reason=null_check action=make_not_entrant pc=0x0000000103ce2ce0 method=com.sun.org.apache.xerces.internal.utils.XMLLimitAnalyzer.isTracking(Ljava/lang/String;)Z @ 14
Event: 30.335 Thread 0x00007ffac1844800 Uncommon trap: reason=class_check action=maybe_recompile pc=0x00000001039f8710 method=java.lang.Throwable.<init>(Ljava/lang/String;Ljava/lang/Throwable;)V @ 24
Event: 30.337 Thread 0x00007ffac1844800 Uncommon trap: reason=class_check action=maybe_recompile pc=0x0000000103bcee00 method=java.util.Formatter.format(Ljava/util/Locale;Ljava/lang/String;[Ljava/lang/Object;)Ljava/util/Formatter; @ 76
Event: 30.365 Thread 0x00007ffac1844800 Uncommon trap: reason=bimorphic action=maybe_recompile pc=0x0000000103bc741c method=java.io.DataOutputStream.writeShort(I)V @ 12
Event: 44.771 Thread 0x00007ffac1844800 Uncommon trap: reason=null_check action=make_not_entrant pc=0x0000000103e005a0 method=java.lang.reflect.Field.getAnnotation(Ljava/lang/Class;)Ljava/lang/annotation/Annotation; @ 22
Event: 44.969 Thread 0x00007ffac1844800 Uncommon trap: reason=predicate action=maybe_recompile pc=0x0000000103e342ac method=java.util.TimSort.binarySort([Ljava/lang/Object;IIILjava/util/Comparator;)V @ 37
Event: 45.209 Thread 0x00007ffac1844800 Uncommon trap: reason=class_check action=maybe_recompile pc=0x00000001039f8710 method=java.lang.Throwable.<init>(Ljava/lang/String;Ljava/lang/Throwable;)V @ 24
Event: 45.210 Thread 0x00007ffac1844800 Uncommon trap: reason=class_check action=maybe_recompile pc=0x0000000103bcee00 method=java.util.Formatter.format(Ljava/util/Locale;Ljava/lang/String;[Ljava/lang/Object;)Ljava/util/Formatter; @ 76
Event: 45.241 Thread 0x00007ffac1844800 Uncommon trap: reason=bimorphic action=maybe_recompile pc=0x0000000103bc741c method=java.io.DataOutputStream.writeShort(I)V @ 12

Internal exceptions (10 events):
Event: 58.435 Thread 0x00007ffac1844800 Threw 0x00000007f14229d0 at /HUDSON/workspace/7u-2-build-macosx-x86_64/jdk7u60/1081/hotspot/src/share/vm/prims/jvm.cpp:1244
Event: 58.436 Thread 0x00007ffac1844800 Threw 0x00000007f1430438 at /HUDSON/workspace/7u-2-build-macosx-x86_64/jdk7u60/1081/hotspot/src/share/vm/prims/jvm.cpp:1244
Event: 58.455 Thread 0x00007ffac1844800 Threw 0x00000007f1998830 at /HUDSON/workspace/7u-2-build-macosx-x86_64/jdk7u60/1081/hotspot/src/share/vm/prims/jvm.cpp:1244
Event: 58.456 Thread 0x00007ffac1844800 Threw 0x00000007f199e0b0 at /HUDSON/workspace/7u-2-build-macosx-x86_64/jdk7u60/1081/hotspot/src/share/vm/prims/jni.cpp:717
Event: 58.456 Thread 0x00007ffac1844800 Threw 0x00000007f19a0d80 at /HUDSON/workspace/7u-2-build-macosx-x86_64/jdk7u60/1081/hotspot/src/share/vm/prims/jvm.cpp:1244
Event: 58.456 Thread 0x00007ffac1844800 Threw 0x00000007f19a74a8 at /HUDSON/workspace/7u-2-build-macosx-x86_64/jdk7u60/1081/hotspot/src/share/vm/prims/jvm.cpp:1244
Event: 58.457 Thread 0x00007ffac1844800 Threw 0x00000007f19ae6a0 at /HUDSON/workspace/7u-2-build-macosx-x86_64/jdk7u60/1081/hotspot/src/share/vm/prims/jvm.cpp:1244
Event: 58.457 Thread 0x00007ffac1844800 Threw 0x00000007f19b5628 at /HUDSON/workspace/7u-2-build-macosx-x86_64/jdk7u60/1081/hotspot/src/share/vm/prims/jvm.cpp:1244
Event: 58.705 Thread 0x00007ffac1844800 Threw 0x00000007f37c74a8 at /HUDSON/workspace/7u-2-build-macosx-x86_64/jdk7u60/1081/hotspot/src/share/vm/prims/jvm.cpp:1244
Event: 58.705 Thread 0x00007ffac1844800 Threw 0x00000007f37c78d0 at /HUDSON/workspace/7u-2-build-macosx-x86_64/jdk7u60/1081/hotspot/src/share/vm/prims/jvm.cpp:1244

Events (10 events):
Event: 58.455 loading class 0x00007ffac3037f80
Event: 58.455 loading class 0x00007ffac3037f80 done
Event: 58.456 loading class 0x00007ffac30360a0
Event: 58.456 loading class 0x00007ffac30360a0 done
Event: 58.456 loading class 0x00007ffac3039370
Event: 58.456 loading class 0x00007ffac3039370 done
Event: 58.457 loading class 0x00007ffac16c54d0
Event: 58.457 loading class 0x00007ffac16c54d0 done
Event: 58.457 loading class 0x00007ffac166c900
Event: 58.457 loading class 0x00007ffac166c900 done


Dynamic libraries:
0x000000000414a000 	/System/Library/Frameworks/Cocoa.framework/Versions/A/Cocoa
0x000000000414a000 	/System/Library/Frameworks/Security.framework/Versions/A/Security
0x000000000414a000 	/System/Library/Frameworks/ApplicationServices.framework/Versions/A/ApplicationServices
0x000000000414a000 	/usr/lib/libz.1.dylib
0x000000000414a000 	/usr/lib/libSystem.B.dylib
0x000000000414a000 	/usr/lib/libobjc.A.dylib
0x000000000414a000 	/System/Library/Frameworks/CoreFoundation.framework/Versions/A/CoreFoundation
0x000000000414a000 	/System/Library/Frameworks/Foundation.framework/Versions/C/Foundation
0x000000000414a000 	/System/Library/Frameworks/AppKit.framework/Versions/C/AppKit
0x000000000414a000 	/System/Library/Frameworks/CoreData.framework/Versions/A/CoreData
0x000000000414a000 	/System/Library/PrivateFrameworks/RemoteViewServices.framework/Versions/A/RemoteViewServices
0x000000000414a000 	/System/Library/Frameworks/AudioToolbox.framework/Versions/A/AudioToolbox
0x000000000414a000 	/System/Library/Frameworks/AudioUnit.framework/Versions/A/AudioUnit
0x000000000414a000 	/System/Library/PrivateFrameworks/DataDetectorsCore.framework/Versions/A/DataDetectorsCore
0x000000000414a000 	/System/Library/PrivateFrameworks/DesktopServicesPriv.framework/Versions/A/DesktopServicesPriv
0x000000000414a000 	/System/Library/Frameworks/Carbon.framework/Versions/A/Frameworks/HIToolbox.framework/Versions/A/HIToolbox
0x000000000414a000 	/System/Library/Frameworks/QuartzCore.framework/Versions/A/QuartzCore
0x000000000414a000 	/System/Library/Frameworks/Carbon.framework/Versions/A/Frameworks/SpeechRecognition.framework/Versions/A/SpeechRecognition
0x000000000414a000 	/usr/lib/libauto.dylib
0x000000000414a000 	/usr/lib/libicucore.A.dylib
0x000000000414a000 	/usr/lib/libxml2.2.dylib
0x000000000414a000 	/System/Library/PrivateFrameworks/CoreUI.framework/Versions/A/CoreUI
0x000000000414a000 	/System/Library/Frameworks/CoreAudio.framework/Versions/A/CoreAudio
0x000000000414a000 	/System/Library/Frameworks/DiskArbitration.framework/Versions/A/DiskArbitration
0x000000000414a000 	/usr/lib/liblangid.dylib
0x000000000414a000 	/System/Library/PrivateFrameworks/MultitouchSupport.framework/Versions/A/MultitouchSupport
0x000000000414a000 	/System/Library/Frameworks/IOKit.framework/Versions/A/IOKit
0x000000000414a000 	/usr/lib/libDiagnosticMessagesClient.dylib
0x000000000414a000 	/System/Library/Frameworks/CoreServices.framework/Versions/A/CoreServices
0x000000000414a000 	/System/Library/PrivateFrameworks/PerformanceAnalysis.framework/Versions/A/PerformanceAnalysis
0x000000000414a000 	/System/Library/PrivateFrameworks/GenerationalStorage.framework/Versions/A/GenerationalStorage
0x000000000414a000 	/System/Library/Frameworks/OpenGL.framework/Versions/A/OpenGL
0x000000000414a000 	/System/Library/PrivateFrameworks/Sharing.framework/Versions/A/Sharing
0x000000000414a000 	/System/Library/Frameworks/ImageIO.framework/Versions/A/ImageIO
0x000000000414a000 	/System/Library/Frameworks/CoreText.framework/Versions/A/CoreText
0x000000000414a000 	/System/Library/Frameworks/CoreGraphics.framework/Versions/A/CoreGraphics
0x000000000414a000 	/System/Library/PrivateFrameworks/Backup.framework/Versions/A/Backup
0x000000000414a000 	/System/Library/Frameworks/CFNetwork.framework/Versions/A/CFNetwork
0x000000000414a000 	/System/Library/Frameworks/SystemConfiguration.framework/Versions/A/SystemConfiguration
0x000000000414a000 	/usr/lib/libCRFSuite.dylib
0x000000000414a000 	/usr/lib/libc++.1.dylib
0x000000000414a000 	/usr/lib/libc++abi.dylib
0x000000000414a000 	/usr/lib/system/libcache.dylib
0x000000000414a000 	/usr/lib/system/libcommonCrypto.dylib
0x000000000414a000 	/usr/lib/system/libcompiler_rt.dylib
0x000000000414a000 	/usr/lib/system/libcopyfile.dylib
0x000000000414a000 	/usr/lib/system/libcorecrypto.dylib
0x000000000414a000 	/usr/lib/system/libdispatch.dylib
0x000000000414a000 	/usr/lib/system/libdyld.dylib
0x000000000414a000 	/usr/lib/system/libkeymgr.dylib
0x000000000414a000 	/usr/lib/system/liblaunch.dylib
0x000000000414a000 	/usr/lib/system/libmacho.dylib
0x000000000414a000 	/usr/lib/system/libquarantine.dylib
0x000000000414a000 	/usr/lib/system/libremovefile.dylib
0x000000000414a000 	/usr/lib/system/libsystem_asl.dylib
0x000000000414a000 	/usr/lib/system/libsystem_blocks.dylib
0x000000000414a000 	/usr/lib/system/libsystem_c.dylib
0x000000000414a000 	/usr/lib/system/libsystem_configuration.dylib
0x000000000414a000 	/usr/lib/system/libsystem_dnssd.dylib
0x000000000414a000 	/usr/lib/system/libsystem_info.dylib
0x000000000414a000 	/usr/lib/system/libsystem_kernel.dylib
0x000000000414a000 	/usr/lib/system/libsystem_m.dylib
0x000000000414a000 	/usr/lib/system/libsystem_malloc.dylib
0x000000000414a000 	/usr/lib/system/libsystem_network.dylib
0x000000000414a000 	/usr/lib/system/libsystem_notify.dylib
0x000000000414a000 	/usr/lib/system/libsystem_platform.dylib
0x000000000414a000 	/usr/lib/system/libsystem_pthread.dylib
0x000000000414a000 	/usr/lib/system/libsystem_sandbox.dylib
0x000000000414a000 	/usr/lib/system/libsystem_stats.dylib
0x000000000414a000 	/usr/lib/system/libunc.dylib
0x000000000414a000 	/usr/lib/system/libunwind.dylib
0x000000000414a000 	/usr/lib/system/libxpc.dylib
0x000000000414a000 	/usr/lib/libbsm.0.dylib
0x000000000414a000 	/usr/lib/libsqlite3.dylib
0x000000000414a000 	/usr/lib/libxar.1.dylib
0x000000000414a000 	/usr/lib/libpam.2.dylib
0x000000000414a000 	/usr/lib/libOpenScriptingUtil.dylib
0x000000000414a000 	/usr/lib/libbz2.1.0.dylib
0x000000000414a000 	/System/Library/Frameworks/CoreServices.framework/Versions/A/Frameworks/CarbonCore.framework/Versions/A/CarbonCore
0x000000000414a000 	/System/Library/Frameworks/CoreServices.framework/Versions/A/Frameworks/Metadata.framework/Versions/A/Metadata
0x000000000414a000 	/System/Library/Frameworks/CoreServices.framework/Versions/A/Frameworks/OSServices.framework/Versions/A/OSServices
0x000000000414a000 	/System/Library/Frameworks/CoreServices.framework/Versions/A/Frameworks/SearchKit.framework/Versions/A/SearchKit
0x000000000414a000 	/System/Library/Frameworks/CoreServices.framework/Versions/A/Frameworks/AE.framework/Versions/A/AE
0x000000000414a000 	/System/Library/Frameworks/CoreServices.framework/Versions/A/Frameworks/LaunchServices.framework/Versions/A/LaunchServices
0x000000000414a000 	/System/Library/Frameworks/CoreServices.framework/Versions/A/Frameworks/DictionaryServices.framework/Versions/A/DictionaryServices
0x000000000414a000 	/System/Library/Frameworks/NetFS.framework/Versions/A/NetFS
0x000000000414a000 	/usr/lib/system/libkxld.dylib
0x000000000414a000 	/System/Library/PrivateFrameworks/NetAuth.framework/Versions/A/NetAuth
0x000000000414a000 	/System/Library/PrivateFrameworks/TCC.framework/Versions/A/TCC
0x000000000414a000 	/System/Library/Frameworks/OpenDirectory.framework/Versions/A/Frameworks/CFOpenDirectory.framework/Versions/A/CFOpenDirectory
0x000000000414a000 	/System/Library/Frameworks/ServiceManagement.framework/Versions/A/ServiceManagement
0x000000000414a000 	/usr/lib/libxslt.1.dylib
0x000000000414a000 	/System/Library/Frameworks/Carbon.framework/Versions/A/Frameworks/Ink.framework/Versions/A/Ink
0x000000000414a000 	/System/Library/Frameworks/ApplicationServices.framework/Versions/A/Frameworks/ATS.framework/Versions/A/ATS
0x000000000414a000 	/System/Library/Frameworks/ApplicationServices.framework/Versions/A/Frameworks/ColorSync.framework/Versions/A/ColorSync
0x000000000414a000 	/System/Library/Frameworks/ApplicationServices.framework/Versions/A/Frameworks/HIServices.framework/Versions/A/HIServices
0x000000000414a000 	/System/Library/Frameworks/ApplicationServices.framework/Versions/A/Frameworks/LangAnalysis.framework/Versions/A/LangAnalysis
0x000000000414a000 	/System/Library/Frameworks/ApplicationServices.framework/Versions/A/Frameworks/PrintCore.framework/Versions/A/PrintCore
0x000000000414a000 	/System/Library/Frameworks/ApplicationServices.framework/Versions/A/Frameworks/QD.framework/Versions/A/QD
0x000000000414a000 	/System/Library/Frameworks/ApplicationServices.framework/Versions/A/Frameworks/SpeechSynthesis.framework/Versions/A/SpeechSynthesis
0x000000000414a000 	/System/Library/Frameworks/IOSurface.framework/Versions/A/IOSurface
0x000000000414a000 	/System/Library/Frameworks/Accelerate.framework/Versions/A/Accelerate
0x000000000414a000 	/System/Library/Frameworks/Accelerate.framework/Versions/A/Frameworks/vImage.framework/Versions/A/vImage
0x000000000414a000 	/System/Library/Frameworks/Accelerate.framework/Versions/A/Frameworks/vecLib.framework/Versions/A/vecLib
0x000000000414a000 	/System/Library/Frameworks/Accelerate.framework/Versions/A/Frameworks/vecLib.framework/Versions/A/libvDSP.dylib
0x000000000414a000 	/System/Library/Frameworks/Accelerate.framework/Versions/A/Frameworks/vecLib.framework/Versions/A/libvMisc.dylib
0x000000000414a000 	/System/Library/Frameworks/Accelerate.framework/Versions/A/Frameworks/vecLib.framework/Versions/A/libLAPACK.dylib
0x000000000414a000 	/System/Library/Frameworks/Accelerate.framework/Versions/A/Frameworks/vecLib.framework/Versions/A/libBLAS.dylib
0x000000000414a000 	/System/Library/Frameworks/ApplicationServices.framework/Versions/A/Frameworks/ATS.framework/Versions/A/Resources/libFontParser.dylib
0x000000000414a000 	/System/Library/Frameworks/ApplicationServices.framework/Versions/A/Frameworks/ATS.framework/Versions/A/Resources/libFontRegistry.dylib
0x000000000414a000 	/System/Library/Frameworks/ImageIO.framework/Versions/A/Resources/libJPEG.dylib
0x000000000414a000 	/System/Library/Frameworks/ImageIO.framework/Versions/A/Resources/libTIFF.dylib
0x000000000414a000 	/System/Library/Frameworks/ImageIO.framework/Versions/A/Resources/libPng.dylib
0x000000000414a000 	/System/Library/Frameworks/ImageIO.framework/Versions/A/Resources/libGIF.dylib
0x000000000414a000 	/System/Library/Frameworks/ImageIO.framework/Versions/A/Resources/libJP2.dylib
0x000000000414a000 	/System/Library/Frameworks/ImageIO.framework/Versions/A/Resources/libRadiance.dylib
0x000000000414a000 	/usr/lib/libcups.2.dylib
0x000000000414a000 	/System/Library/Frameworks/Kerberos.framework/Versions/A/Kerberos
0x000000000414a000 	/System/Library/Frameworks/GSS.framework/Versions/A/GSS
0x000000000414a000 	/usr/lib/libresolv.9.dylib
0x000000000414a000 	/usr/lib/libiconv.2.dylib
0x000000000414a000 	/System/Library/PrivateFrameworks/Heimdal.framework/Versions/A/Heimdal
0x000000000414a000 	/System/Library/PrivateFrameworks/TrustEvaluationAgent.framework/Versions/A/TrustEvaluationAgent
0x000000000414a000 	/usr/lib/libheimdal-asn1.dylib
0x000000000414a000 	/System/Library/Frameworks/OpenDirectory.framework/Versions/A/OpenDirectory
0x000000000414a000 	/System/Library/PrivateFrameworks/CommonAuth.framework/Versions/A/CommonAuth
0x000000000414a000 	/System/Library/Frameworks/SecurityFoundation.framework/Versions/A/SecurityFoundation
0x000000000414a000 	/System/Library/PrivateFrameworks/Bom.framework/Versions/A/Bom
0x000000000414a000 	/System/Library/Frameworks/CoreVideo.framework/Versions/A/CoreVideo
0x000000000414a000 	/System/Library/Frameworks/QuartzCore.framework/Versions/A/Frameworks/CoreImage.framework/Versions/A/CoreImage
0x000000000414a000 	/System/Library/Frameworks/QuartzCore.framework/Versions/A/Frameworks/ScalableUserInterface.framework/Versions/A/ScalableUserInterface
0x000000000414a000 	/System/Library/Frameworks/OpenGL.framework/Versions/A/Libraries/libGLU.dylib
0x000000000414a000 	/System/Library/Frameworks/OpenGL.framework/Versions/A/Libraries/libGFXShared.dylib
0x000000000414a000 	/System/Library/Frameworks/OpenGL.framework/Versions/A/Libraries/libGL.dylib
0x000000000414a000 	/System/Library/Frameworks/OpenGL.framework/Versions/A/Libraries/libGLImage.dylib
0x000000000414a000 	/System/Library/Frameworks/OpenGL.framework/Versions/A/Libraries/libCVMSPluginSupport.dylib
0x000000000414a000 	/System/Library/Frameworks/OpenGL.framework/Versions/A/Libraries/libCoreVMClient.dylib
0x000000000414a000 	/System/Library/PrivateFrameworks/FaceCore.framework/Versions/A/FaceCore
0x000000000414a000 	/System/Library/PrivateFrameworks/CrashReporterSupport.framework/Versions/A/CrashReporterSupport
0x000000000414a000 	/System/Library/Frameworks/OpenCL.framework/Versions/A/OpenCL
0x000000000414a000 	/System/Library/PrivateFrameworks/AppleFSCompression.framework/Versions/A/AppleFSCompression
0x000000000414a000 	/System/Library/PrivateFrameworks/Ubiquity.framework/Versions/A/Ubiquity
0x000000000414a000 	/System/Library/PrivateFrameworks/IconServices.framework/Versions/A/IconServices
0x000000000414a000 	/System/Library/PrivateFrameworks/ChunkingLibrary.framework/Versions/A/ChunkingLibrary
0x000000000414a000 	/System/Library/PrivateFrameworks/CoreSymbolication.framework/Versions/A/CoreSymbolication
0x000000000414a000 	/System/Library/PrivateFrameworks/Symbolication.framework/Versions/A/Symbolication
0x000000000414a000 	/System/Library/PrivateFrameworks/DebugSymbols.framework/Versions/A/DebugSymbols
0x0000000102e00000 	/Library/Java/JavaVirtualMachines/jdk1.7.0_60.jdk/Contents/Home/jre/lib/server/libjvm.dylib
0x000000000414a000 	/usr/lib/libstdc++.6.dylib
0x0000000101d8b000 	/Library/Java/JavaVirtualMachines/jdk1.7.0_60.jdk/Contents/Home/jre/lib/libverify.dylib
0x0000000101d98000 	/Library/Java/JavaVirtualMachines/jdk1.7.0_60.jdk/Contents/Home/jre/lib/libjava.dylib
0x0000000101dd2000 	/Library/Java/JavaVirtualMachines/jdk1.7.0_60.jdk/Contents/Home/jre/lib/libzip.dylib
0x000000010c351000 	/System/Library/Frameworks/JavaVM.framework/Frameworks/JavaRuntimeSupport.framework/JavaRuntimeSupport
0x000000010c369000 	/System/Library/Frameworks/JavaVM.framework/Versions/A/Frameworks/JavaNativeFoundation.framework/Versions/A/JavaNativeFoundation
0x000000010c37e000 	/System/Library/Frameworks/JavaVM.framework/Versions/A/JavaVM
0x000000000414a000 	/System/Library/Frameworks/Carbon.framework/Versions/A/Carbon
0x000000010c38b000 	/System/Library/PrivateFrameworks/JavaLaunching.framework/Versions/A/JavaLaunching
0x000000000414a000 	/System/Library/Frameworks/Carbon.framework/Versions/A/Frameworks/CommonPanels.framework/Versions/A/CommonPanels
0x000000000414a000 	/System/Library/Frameworks/Carbon.framework/Versions/A/Frameworks/Help.framework/Versions/A/Help
0x000000000414a000 	/System/Library/Frameworks/Carbon.framework/Versions/A/Frameworks/ImageCapture.framework/Versions/A/ImageCapture
0x000000000414a000 	/System/Library/Frameworks/Carbon.framework/Versions/A/Frameworks/OpenScripting.framework/Versions/A/OpenScripting
0x000000000414a000 	/System/Library/Frameworks/Carbon.framework/Versions/A/Frameworks/Print.framework/Versions/A/Print
0x000000000414a000 	/System/Library/Frameworks/Carbon.framework/Versions/A/Frameworks/SecurityHI.framework/Versions/A/SecurityHI
0x000000010cc1c000 	/Library/Java/JavaVirtualMachines/jdk1.7.0_60.jdk/Contents/Home/jre/lib/libnet.dylib
0x000000010cc7b000 	/Library/Java/JavaVirtualMachines/jdk1.7.0_60.jdk/Contents/Home/jre/lib/libnio.dylib
0x000000010d1db000 	/private/var/folders/gj/hz_7bkcs747gh9msp73_nmzr0000gn/T/native-platform4306164559171261699dir/libnative-platform.dylib

VM Arguments:
jvm_args: -XX:MaxPermSize=256m -XX:+HeapDumpOnOutOfMemoryError -Xmx1024m -Dfile.encoding=UTF-8 
java_command: org.gradle.launcher.daemon.bootstrap.GradleDaemon 2.0 /Users/Michael/.gradle/daemon 60000 78d86893-544e-4eae-affe-f3efc0e387db -XX:MaxPermSize=256m -XX:+HeapDumpOnOutOfMemoryError -Xmx1024m -Dfile.encoding=UTF-8
Launcher Type: SUN_STANDARD

Environment Variables:
PATH=/usr/bin:/bin:/usr/sbin:/sbin
SHELL=/bin/bash

Signal Handlers:
SIGSEGV: [libjvm.dylib+0x52b7b1], sa_mask[0]=0xfffefeff, sa_flags=0x00000043
SIGBUS: [libjvm.dylib+0x52b7b1], sa_mask[0]=0xfffefeff, sa_flags=0x00000042
SIGFPE: [libjvm.dylib+0x41e28a], sa_mask[0]=0xfffefeff, sa_flags=0x00000042
SIGPIPE: [libjvm.dylib+0x41e28a], sa_mask[0]=0xfffefeff, sa_flags=0x00000042
SIGXFSZ: [libjvm.dylib+0x41e28a], sa_mask[0]=0xfffefeff, sa_flags=0x00000042
SIGILL: [libjvm.dylib+0x41e28a], sa_mask[0]=0xfffefeff, sa_flags=0x00000042
SIGUSR1: SIG_DFL, sa_mask[0]=0x00000000, sa_flags=0x00000002
SIGUSR2: [libjvm.dylib+0x41dd7c], sa_mask[0]=0x00000004, sa_flags=0x00000042
SIGHUP: [libjvm.dylib+0x41c00b], sa_mask[0]=0xfffefeff, sa_flags=0x00000042
SIGINT: [libjvm.dylib+0x41c00b], sa_mask[0]=0xfffefeff, sa_flags=0x00000042
SIGTERM: [libjvm.dylib+0x41c00b], sa_mask[0]=0xfffefeff, sa_flags=0x00000042
SIGQUIT: [libjvm.dylib+0x41c00b], sa_mask[0]=0xfffefeff, sa_flags=0x00000042


---------------  S Y S T E M  ---------------

OS:Bsduname:Darwin 13.3.0 Darwin Kernel Version 13.3.0: Tue Jun  3 21:27:35 PDT 2014; root:xnu-2422.110.17~1/RELEASE_X86_64 x86_64
rlimit: STACK 8192k, CORE 0k, NPROC 709, NOFILE 10240, AS infinity
load average:2.91 3.06 2.93

CPU:total 8 (4 cores per cpu, 2 threads per core) family 6 model 70 stepping 1, cmov, cx8, fxsr, mmx, sse, sse2, sse3, ssse3, sse4.1, sse4.2, popcnt, avx, avx2, aes, erms, ht, tsc, tscinvbit

Memory: 4k page, physical 16777216k(4194304k free)

/proc/meminfo:


vm_info: Java HotSpot(TM) 64-Bit Server VM (24.60-b09) for bsd-amd64 JRE (1.7.0_60-b19), built on May  7 2014 12:52:25 by "java_re" with gcc 4.2.1 (Based on Apple Inc. build 5658) (LLVM build 2336.11.00)

time: Thu Sep 25 11:34:20 2014
elapsed time: 58 seconds

